StreamerInfo in file 1 with index 43 and object name StreamerInfo is ignored
KeysList in file 1 with index 44 and object name HIG-RunIIWinter15 is ignored
FreeSegments in file 1 with index 45 and object name HIG-RunIIWinter15 is ignored
TStorageFactoryFile with index 1 with object name HIG-RunIIWinter15 in file 1 is structual-equal to TStorageFactoryFile with index 1 and object name HIG-RunIIWinter15 in file 2 
TBasket with index 2 with object name LHEEventProduct_exter in file 1 is structual-equal to TBasket with index 2 and object name LHEEventProduct_exter in file 2 
TBasket with index 3 with object name LHEEventProduct_exter in file 1 is structual-equal to TBasket with index 3 and object name LHEEventProduct_exter in file 2 
TBasket with index 4 with object name LHEEventProduct_exter in file 1 is structual-equal to TBasket with index 4 and object name LHEEventProduct_exter in file 2 
TBasket with index 5 with object name LHEEventProduct_exter in file 1 is structual-equal to TBasket with index 5 and object name LHEEventProduct_exter in file 2 
TBasket with index 6 with object name LHEEventProduct_exter in file 1 is structual-equal to TBasket with index 6 and object name LHEEventProduct_exter in file 2 
TBasket with index 7 with object name LHEEventProduct_exter in file 1 is structual-equal to TBasket with index 7 and object name LHEEventProduct_exter in file 2 
TBasket with index 8 with object name LHEEventProduct_exter in file 1 is structual-equal to TBasket with index 8 and object name LHEEventProduct_exter in file 2 
TBasket with index 9 with object name LHEEventProduct_exter in file 1 is structual-equal to TBasket with index 9 and object name LHEEventProduct_exter in file 2 
TBasket with index 10 with object name LHEEventProduct_exter in file 1 is structual-equal to TBasket with index 10 and object name LHEEventProduct_exter in file 2 
TBasket with index 11 with object name LHEEventProduct_exter in file 1 is structual-equal to TBasket with index 11 and object name LHEEventProduct_exter in file 2 
TBasket with index 12 with object name LHEEventProduct_exter in file 1 is structual-equal to TBasket with index 12 and object name LHEEventProduct_exter in file 2 
TBasket with index 13 with object name LHEEventProduct_exter in file 1 is structual-equal to TBasket with index 13 and object name LHEEventProduct_exter in file 2 
TBasket with index 14 with object name LHEEventProduct_exter in file 1 is structual-equal to TBasket with index 14 and object name LHEEventProduct_exter in file 2 
TBasket with index 15 with object name LHEEventProduct_exter in file 1 is structual-equal to TBasket with index 15 and object name LHEEventProduct_exter in file 2 
TBasket with index 16 with object name LHEEventProduct_exter in file 1 is structual-equal to TBasket with index 16 and object name LHEEventProduct_exter in file 2 
TBasket with index 17 with object name LHEEventProduct_exter in file 1 is structual-equal to TBasket with index 17 and object name LHEEventProduct_exter in file 2 
TBasket with index 18 with object name LHEEventProduct_exter in file 1 is structual-equal to TBasket with index 18 and object name LHEEventProduct_exter in file 2 
TBasket with index 19 with object name LHEEventProduct_exter in file 1 is structual-equal to TBasket with index 19 and object name LHEEventProduct_exter in file 2 
TBasket with index 20 with object name LHEEventProduct_exter in file 1 is structual-equal to TBasket with index 20 and object name LHEEventProduct_exter in file 2 
TBasket with index 21 with object name LHEEventProduct_exter in file 1 is structual-equal to TBasket with index 21 and object name LHEEventProduct_exter in file 2 
TBasket with index 22 with object name LHEEventProduct_exter in file 1 is structual-equal to TBasket with index 22 and object name LHEEventProduct_exter in file 2 
TBasket with index 23 with object name LHEEventProduct_exter in file 1 is structual-equal to TBasket with index 23 and object name LHEEventProduct_exter in file 2 
TBasket with index 24 with object name LHEEventProduct_exter in file 1 is structual-equal to TBasket with index 24 and object name LHEEventProduct_exter in file 2 
TBasket with index 25 with object name LHEEventProduct_exter in file 1 is structual-equal to TBasket with index 25 and object name LHEEventProduct_exter in file 2 
TBasket with index 26 with object name LHEEventProduct_exter in file 1 is structual-equal to TBasket with index 26 and object name LHEEventProduct_exter in file 2 
TBasket with index 27 with object name LHEEventProduct_exter in file 1 is structual-equal to TBasket with index 27 and object name LHEEventProduct_exter in file 2 
TBasket with index 28 with object name LHEEventProduct_exter in file 1 is structual-equal to TBasket with index 28 and object name LHEEventProduct_exter in file 2 
TBasket with index 29 with object name LHEEventProduct_exter in file 1 is structual-equal to TBasket with index 29 and object name LHEEventProduct_exter in file 2 
TBasket with index 30 with object name LHEEventProduct_exter in file 1 is structual-equal to TBasket with index 30 and object name LHEEventProduct_exter in file 2 
TBasket with index 31 with object name LHEEventProduct_exter in file 1 is structual-equal to TBasket with index 31 and object name LHEEventProduct_exter in file 2 
TBasket with index 32 with object name LHEEventProduct_exter in file 1 is structual-equal to TBasket with index 32 and object name LHEEventProduct_exter in file 2 
TBasket with index 33 with object name LHEEventProduct_exter in file 1 is structual-equal to TBasket with index 33 and object name LHEEventProduct_exter in file 2 
TBasket with index 34 with object name LHEEventProduct_exter in file 1 is structual-equal to TBasket with index 34 and object name LHEEventProduct_exter in file 2 
TBasket with index 35 with object name LHEEventProduct_exter in file 1 is structual-equal to TBasket with index 35 and object name LHEEventProduct_exter in file 2 
TBasket with index 36 with object name LHEEventProduct_exter in file 1 is structual-equal to TBasket with index 36 and object name LHEEventProduct_exter in file 2 
TBasket with index 37 with object name LHEEventProduct_exter in file 1 is structual-equal to TBasket with index 37 and object name LHEEventProduct_exter in file 2 
TBasket with index 38 with object name LHEEventProduct_exter in file 1 is structual-equal to TBasket with index 38 and object name LHEEventProduct_exter in file 2 
TBasket with index 39 with object name LHEEventProduct_exter in file 1 is structual-equal to TBasket with index 39 and object name LHEEventProduct_exter in file 2 
TBasket with index 40 with object name LHEEventProduct_exter in file 1 is structual-equal to TBasket with index 40 and object name LHEEventProduct_exter in file 2 
TBasket with index 41 with object name LHEEventProduct_exter in file 1 is structual-equal to TBasket with index 41 and object name LHEEventProduct_exter in file 2 
TBasket with index 42 with object name LuminosityBlockAuxili in file 1 is structual-equal to TBasket with index 42 and object name LuminosityBlockAuxili in file 2 
StreamerInfo in file 2 with index 43 and object name HIG-RunIIWinter15 is ignored
KeysList in file 2 with index 44 and object name HIG-RunIIWinter15 is ignored
FreeSegments in file 2 with index 45 and object name HIG-RunIIWinter15 is ignored

================= Comparison summary =================
Time elapsed: 0.245
Number of objects in file 1 is: 45
Number of objects in file 2 is: 45
Number of structural equivalent: 42
Number of content equivalent: 42
Number of bitwise equivalent: 42
